<?xml version="1.0" encoding="UTF-8"?>
<!-- Generated by org.testng.reporters.JUnitReportReporter -->
<testsuite hostname="DESKTOP-4S4MUK5" name="TestNG.TestEmpReg" tests="2" failures="0" timestamp="28 Aug 2017 23:56:15 GMT" time="7.255" errors="0">
  <testcase name="Org_EmpReg" time="3.294" classname="TestNG.TestEmpReg"/>
  <testcase name="Org_EmpReg" time="3.961" classname="TestNG.TestEmpReg"/>
</testsuite> <!-- TestNG.TestEmpReg -->
