<?xml version="1.0" encoding="UTF-8"?>
<!-- Generated by org.testng.reporters.JUnitReportReporter -->
<testsuite hostname="DESKTOP-4S4MUK5" name="TestNG.OrgUserReg" tests="1" failures="0" timestamp="28 Aug 2017 23:45:16 GMT" time="7.275" errors="0">
  <testcase name="Org_UserReg" time="7.275" classname="TestNG.OrgUserReg"/>
</testsuite> <!-- TestNG.OrgUserReg -->
