<?xml version="1.0" encoding="UTF-8"?>
<!-- Generated by org.testng.reporters.JUnitReportReporter -->
<testsuite hostname="DESKTOP-4S4MUK5" name="Grid.GridEg1" tests="2" failures="0" timestamp="8 Sep 2017 18:38:50 GMT" time="57.428" errors="0">
  <testcase name="Grid" time="20.564" classname="Grid.GridEg1"/>
  <testcase name="Grid" time="36.864" classname="Grid.GridEg1"/>
</testsuite> <!-- Grid.GridEg1 -->
