<?xml version="1.0" encoding="UTF-8"?>
<!-- Generated by org.testng.reporters.JUnitReportReporter -->
<testsuite hostname="DESKTOP-4S4MUK5" name="pom.LoginTC" tests="1" failures="0" timestamp="5 Sep 2017 16:01:10 GMT" time="8.543" errors="0">
  <testcase name="org_Login" time="8.543" classname="pom.LoginTC"/>
</testsuite> <!-- pom.LoginTC -->
