<?xml version="1.0" encoding="UTF-8"?>
<!-- Generated by org.testng.reporters.JUnitReportReporter -->
<testsuite hostname="DESKTOP-4S4MUK5" name="TestNG.PrimusBankEg" tests="1" failures="0" timestamp="28 Aug 2017 22:21:57 GMT" time="4.221" errors="0">
  <testcase name="Login" time="4.221" classname="TestNG.PrimusBankEg"/>
</testsuite> <!-- TestNG.PrimusBankEg -->
