<?xml version="1.0" encoding="UTF-8"?>
<!-- Generated by org.testng.reporters.JUnitReportReporter -->
<testsuite hostname="DESKTOP-4S4MUK5" name="TestNG.BasicAnnotationEg" tests="3" failures="0" timestamp="28 Aug 2017 22:10:43 GMT" time="0.021" errors="0">
  <testcase name="function1" time="0.008" classname="TestNG.BasicAnnotationEg"/>
  <testcase name="function2" time="0.002" classname="TestNG.BasicAnnotationEg"/>
  <testcase name="apple" time="0.011" classname="TestNG.BasicAnnotationEg"/>
</testsuite> <!-- TestNG.BasicAnnotationEg -->
